Построение начато 06.02.2017 20:56:08.
     1>Проект "D:\work VS10\test\test\test.vcxproj" в узле 2 (целевые объекты build).
     1>PrepareForBuild:
         Создание каталога "D:\work VS10\test\Debug\".
       InitializeBuildStatus:
         Создание "Debug\test.unsuccessfulbuild", так как было задано "AlwaysCreate".
       ClCompile:
         C:\Program Files (x86)\Microsoft Visual Studio 10.0\VC\bin\CL.exe /c /ZI /nologo /W3 /WX- /Od /Oy- /D _MBCS /Gm /EHsc /RTC1 /MDd /GS /fp:precise /Zc:wchar_t /Zc:forScope /Fo"Debug\\" /Fd"Debug\vc100.pdb" /Gd /TC /analyze- /errorReport:prompt test.c
         test.c
     1>d:\work vs10\test\test\test.c(12): error C2143: синтаксическая ошибка: отсутствие ";" перед "тип"
     1>d:\work vs10\test\test\test.c(12): error C2143: синтаксическая ошибка: отсутствие ";" перед "тип"
     1>d:\work vs10\test\test\test.c(12): error C2143: синтаксическая ошибка: отсутствие ")" перед "тип"
     1>d:\work vs10\test\test\test.c(12): error C2143: синтаксическая ошибка: отсутствие ";" перед "тип"
     1>d:\work vs10\test\test\test.c(12): error C2065: i: необъявленный идентификатор
     1>d:\work vs10\test\test\test.c(12): warning C4552: <: оператор не имеет результата; требуется оператор с побочным действием
     1>d:\work vs10\test\test\test.c(12): error C2065: i: необъявленный идентификатор
     1>d:\work vs10\test\test\test.c(12): error C2059: синтаксическая ошибка: )
     1>d:\work vs10\test\test\test.c(13): error C2143: синтаксическая ошибка: отсутствие ";" перед "for"
     1>d:\work vs10\test\test\test.c(13): error C2143: синтаксическая ошибка: отсутствие ";" перед "тип"
     1>d:\work vs10\test\test\test.c(13): error C2143: синтаксическая ошибка: отсутствие ";" перед "тип"
     1>d:\work vs10\test\test\test.c(13): error C2143: синтаксическая ошибка: отсутствие ")" перед "тип"
     1>d:\work vs10\test\test\test.c(13): error C2143: синтаксическая ошибка: отсутствие ";" перед "тип"
     1>d:\work vs10\test\test\test.c(13): error C2065: j: необъявленный идентификатор
     1>d:\work vs10\test\test\test.c(13): error C2065: i: необъявленный идентификатор
     1>d:\work vs10\test\test\test.c(13): warning C4552: <: оператор не имеет результата; требуется оператор с побочным действием
     1>d:\work vs10\test\test\test.c(13): error C2065: j: необъявленный идентификатор
     1>d:\work vs10\test\test\test.c(13): error C2059: синтаксическая ошибка: )
     1>d:\work vs10\test\test\test.c(14): error C2143: синтаксическая ошибка: отсутствие ";" перед "{"
     1>d:\work vs10\test\test\test.c(15): error C2065: i: необъявленный идентификатор
     1>d:\work vs10\test\test\test.c(15): error C2065: j: необъявленный идентификатор
     1>d:\work vs10\test\test\test.c(16): error C2143: синтаксическая ошибка: отсутствие ";" перед "тип"
     1>d:\work vs10\test\test\test.c(16): error C2143: синтаксическая ошибка: отсутствие ";" перед "тип"
     1>d:\work vs10\test\test\test.c(16): error C2143: синтаксическая ошибка: отсутствие ")" перед "тип"
     1>d:\work vs10\test\test\test.c(16): error C2143: синтаксическая ошибка: отсутствие ";" перед "тип"
     1>d:\work vs10\test\test\test.c(16): error C2065: k: необъявленный идентификатор
     1>d:\work vs10\test\test\test.c(16): warning C4552: <: оператор не имеет результата; требуется оператор с побочным действием
     1>d:\work vs10\test\test\test.c(16): error C2065: k: необъявленный идентификатор
     1>d:\work vs10\test\test\test.c(16): error C2059: синтаксическая ошибка: )
     1>d:\work vs10\test\test\test.c(17): error C2143: синтаксическая ошибка: отсутствие ";" перед "{"
     1>d:\work vs10\test\test\test.c(18): error C2143: синтаксическая ошибка: отсутствие ";" перед "тип"
     1>d:\work vs10\test\test\test.c(18): error C2143: синтаксическая ошибка: отсутствие ";" перед "тип"
     1>d:\work vs10\test\test\test.c(18): error C2143: синтаксическая ошибка: отсутствие ")" перед "тип"
     1>d:\work vs10\test\test\test.c(18): error C2143: синтаксическая ошибка: отсутствие ";" перед "тип"
     1>d:\work vs10\test\test\test.c(18): error C2065: t: необъявленный идентификатор
     1>d:\work vs10\test\test\test.c(18): error C2065: k: необъявленный идентификатор
     1>d:\work vs10\test\test\test.c(18): warning C4552: <: оператор не имеет результата; требуется оператор с побочным действием
     1>d:\work vs10\test\test\test.c(18): error C2065: t: необъявленный идентификатор
     1>d:\work vs10\test\test\test.c(18): error C2059: синтаксическая ошибка: )
     1>d:\work vs10\test\test\test.c(19): error C2143: синтаксическая ошибка: отсутствие ";" перед "{"
     1>d:\work vs10\test\test\test.c(20): error C2065: k: необъявленный идентификатор
     1>d:\work vs10\test\test\test.c(20): error C2065: t: необъявленный идентификатор
     1>d:\work vs10\test\test\test.c(22): error C2065: i: необъявленный идентификатор
     1>d:\work vs10\test\test\test.c(22): error C2065: j: необъявленный идентификатор
     1>d:\work vs10\test\test\test.c(23): error C2065: k: необъявленный идентификатор
     1>d:\work vs10\test\test\test.c(23): error C2065: t: необъявленный идентификатор
     1>d:\work vs10\test\test\test.c(28): error C2143: синтаксическая ошибка: отсутствие ";" перед "тип"
     1>d:\work vs10\test\test\test.c(28): error C2143: синтаксическая ошибка: отсутствие ";" перед "тип"
     1>d:\work vs10\test\test\test.c(28): error C2143: синтаксическая ошибка: отсутствие ")" перед "тип"
     1>d:\work vs10\test\test\test.c(28): error C2143: синтаксическая ошибка: отсутствие ";" перед "тип"
     1>d:\work vs10\test\test\test.c(28): error C2065: i: необъявленный идентификатор
     1>d:\work vs10\test\test\test.c(28): warning C4552: <: оператор не имеет результата; требуется оператор с побочным действием
     1>d:\work vs10\test\test\test.c(28): error C2065: i: необъявленный идентификатор
     1>d:\work vs10\test\test\test.c(28): error C2059: синтаксическая ошибка: )
     1>d:\work vs10\test\test\test.c(29): error C2143: синтаксическая ошибка: отсутствие ";" перед "{"
     1>d:\work vs10\test\test\test.c(30): error C2143: синтаксическая ошибка: отсутствие ";" перед "тип"
     1>d:\work vs10\test\test\test.c(30): error C2143: синтаксическая ошибка: отсутствие ";" перед "тип"
     1>d:\work vs10\test\test\test.c(30): error C2143: синтаксическая ошибка: отсутствие ")" перед "тип"
     1>d:\work vs10\test\test\test.c(30): error C2143: синтаксическая ошибка: отсутствие ";" перед "тип"
     1>d:\work vs10\test\test\test.c(30): error C2065: j: необъявленный идентификатор
     1>d:\work vs10\test\test\test.c(30): warning C4552: <: оператор не имеет результата; требуется оператор с побочным действием
     1>d:\work vs10\test\test\test.c(30): error C2065: j: необъявленный идентификатор
     1>d:\work vs10\test\test\test.c(30): error C2059: синтаксическая ошибка: )
     1>d:\work vs10\test\test\test.c(31): error C2146: синтаксическая ошибка: отсутствие ";" перед идентификатором "printf"
     1>d:\work vs10\test\test\test.c(31): error C2065: i: необъявленный идентификатор
     1>d:\work vs10\test\test\test.c(31): error C2065: j: необъявленный идентификатор
     1>Построение проекта "D:\work VS10\test\test\test.vcxproj" завершено (целевые объекты build) с ошибкой.

СБОЙ построения.

Затраченное время: 00:00:00.68
